<?xml version="1.0" encoding="UTF-8"?>
<!-- Generated by org.testng.reporters.JUnitReportReporter -->
<testsuite hostname="RanMarkovich" failures="0" tests="1" name="com.udemy.DevOpsProject.TestClass1" time="18.066" errors="0" timestamp="22 Aug 2019 16:31:08 GMT" skipped="0">
  <testcase classname="com.udemy.DevOpsProject.TestClass1" name="Test_01" time="18.066"/>
</testsuite> <!-- com.udemy.DevOpsProject.TestClass1 -->
